[    0.000000] Initializing cgroup subsys cpuset
[    0.000000] Initializing cgroup subsys cpu
[    0.000000] Initializing cgroup subsys cpuacct
[    0.000000] Linux version 4.4.0-83-generic (buildd@lgw01-29) (gcc version 5.4.0 20160609 (Ubuntu 5.4.0-6ubuntu1~16.04.4) ) #106-Ubuntu SMP Mon Jun 26 17:54:43 UTC 2017 (Ubuntu 4.4.0-83.106-generic 4.4.70)
[    0.000000] Command line: BOOT_IMAGE=/boot/vmlinuz-4.4.0-83-generic root=LABEL=cloudimg-rootfs ro console=tty1 console=ttyS0
[    0.000000] KERNEL supported cpus:
[    0.000000]   Intel GenuineIntel
[    0.000000]   AMD AuthenticAMD
[    0.000000]   Centaur CentaurHauls
[    0.000000] x86/fpu: xstate_offset[2]:  576, xstate_sizes[2]:  256
[    0.000000] x86/fpu: Supporting XSAVE feature 0x01: 'x87 floating point registers'
[    0.000000] x86/fpu: Supporting XSAVE feature 0x02: 'SSE registers'
[    0.000000] x86/fpu: Supporting XSAVE feature 0x04: 'AVX registers'
[    0.000000] x86/fpu: Enabled xstate features 0x7, context size is 832 bytes, using 'standard' format.
[    0.000000] x86/fpu: Using 'lazy' FPU context switches.
[    0.000000] e820: BIOS-provided physical RAM map:
[    0.000000] BIOS-e820: [mem 0x0000000000000000-0x000000000009fbff] usable
[    0.000000] BIOS-e820: [mem 0x000000000009fc00-0x000000000009ffff] reserved
[    0.000000] BIOS-e820: [mem 0x00000000000f0000-0x00000000000fffff] reserved
[    0.000000] BIOS-e820: [mem 0x0000000000100000-0x000000003ffeffff] usable
[    0.000000] BIOS-e820: [mem 0x000000003fff0000-0x000000003fffffff] ACPI data
[    0.000000] BIOS-e820: [mem 0x00000000fec00000-0x00000000fec00fff] reserved
[    0.000000] BIOS-e820: [mem 0x00000000fee00000-0x00000000fee00fff] reserved
[    0.000000] BIOS-e820: [mem 0x00000000fffc0000-0x00000000ffffffff] reserved
[    0.000000] NX (Execute Disable) protection: active
[    0.000000] SMBIOS 2.5 present.
[    0.000000] Hypervisor detected: KVM
[    0.000000] e820: last_pfn = 0x3fff0 max_arch_pfn = 0x400000000
[    0.000000] MTRR: Disabled
[    0.000000] x86/PAT: MTRRs disabled, skipping PAT initialization too.
[    0.000000] x86/PAT: Configuration [0-7]: WB  WT  UC- UC  WB  WT  UC- UC  
[    0.000000] CPU MTRRs all blank - virtualized system.
[    0.000000] found SMP MP-table at [mem 0x0009fff0-0x0009ffff] mapped at [ffff88000009fff0]
[    0.000000] Scanning 1 areas for low memory corruption
[    0.000000] RAMDISK: [mem 0x36ac8000-0x3755bfff]
[    0.000000] ACPI: Early table checksum verification disabled
[    0.000000] ACPI: RSDP 0x00000000000E0000 000024 (v02 VBOX  )
[    0.000000] ACPI: XSDT 0x000000003FFF0030 00003C (v01 VBOX   VBOXXSDT 00000001 ASL  00000061)
[    0.000000] ACPI: FACP 0x000000003FFF00F0 0000F4 (v04 VBOX   VBOXFACP 00000001 ASL  00000061)
[    0.000000] ACPI: DSDT 0x000000003FFF0470 0021C8 (v02 VBOX   VBOXBIOS 00000002 INTL 20100528)
[    0.000000] ACPI: FACS 0x000000003FFF0200 000040
[    0.000000] ACPI: FACS 0x000000003FFF0200 000040
[    0.000000] ACPI: APIC 0x000000003FFF0240 00005C (v02 VBOX   VBOXAPIC 00000001 ASL  00000061)
[    0.000000] ACPI: SSDT 0x000000003FFF02A0 0001CC (v01 VBOX   VBOXCPUT 00000002 INTL 20100528)
[    0.000000] No NUMA configuration found
[    0.000000] Faking a node at [mem 0x0000000000000000-0x000000003ffeffff]
[    0.000000] NODE_DATA(0) allocated [mem 0x3ffeb000-0x3ffeffff]
[    0.000000] kvm-clock: Using msrs 4b564d01 and 4b564d00
[    0.000000] kvm-clock: cpu 0, msr 0:3ffe3001, primary cpu clock
[    0.000000] kvm-clock: using sched offset of 3017747095 cycles
[    0.000000] clocksource: kvm-clock: mask: 0xffffffffffffffff max_cycles: 0x1cd42e4dffb, max_idle_ns: 881590591483 ns
[    0.000000] Zone ranges:
[    0.000000]   DMA      [mem 0x0000000000001000-0x0000000000ffffff]
[    0.000000]   DMA32    [mem 0x0000000001000000-0x000000003ffeffff]
[    0.000000]   Normal   empty
[    0.000000]   Device   empty
[    0.000000] Movable zone start for each node
[    0.000000] Early memory node ranges
[    0.000000]   node   0: [mem 0x0000000000001000-0x000000000009efff]
[    0.000000]   node   0: [mem 0x0000000000100000-0x000000003ffeffff]
[    0.000000] Initmem setup node 0 [mem 0x0000000000001000-0x000000003ffeffff]
[    0.000000] ACPI: PM-Timer IO Port: 0x4008
[    0.000000] IOAPIC[0]: apic_id 2, version 32, address 0xfec00000, GSI 0-23
[    0.000000] ACPI: INT_SRC_OVR (bus 0 bus_irq 0 global_irq 2 dfl dfl)
[    0.000000] ACPI: INT_SRC_OVR (bus 0 bus_irq 9 global_irq 9 high level)
[    0.000000] Using ACPI (MADT) for SMP configuration information
[    0.000000] smpboot: Allowing 2 CPUs, 0 hotplug CPUs
[    0.000000] PM: Registered nosave memory: [mem 0x00000000-0x00000fff]
[    0.000000] PM: Registered nosave memory: [mem 0x0009f000-0x0009ffff]
[    0.000000] PM: Registered nosave memory: [mem 0x000a0000-0x000effff]
[    0.000000] PM: Registered nosave memory: [mem 0x000f0000-0x000fffff]
[    0.000000] e820: [mem 0x40000000-0xfebfffff] available for PCI devices
[    0.000000] Booting paravirtualized kernel on KVM
[    0.000000] clocksource: refined-jiffies: mask: 0xffffffff max_cycles: 0xffffffff, max_idle_ns: 7645519600211568 ns
[    0.000000] setup_percpu: NR_CPUS:512 nr_cpumask_bits:512 nr_cpu_ids:2 nr_node_ids:1
[    0.000000] PERCPU: Embedded 33 pages/cpu @ffff88003fc00000 s98264 r8192 d28712 u1048576
[    0.000000] PV qspinlock hash table entries: 256 (order: 0, 4096 bytes)
[    0.000000] Built 1 zonelists in Node order, mobility grouping on.  Total pages: 257913
[    0.000000] Policy zone: DMA32
[    0.000000] Kernel command line: BOOT_IMAGE=/boot/vmlinuz-4.4.0-83-generic root=LABEL=cloudimg-rootfs ro console=tty1 console=ttyS0
[    0.000000] PID hash table entries: 4096 (order: 3, 32768 bytes)
[    0.000000] Memory: 1001744K/1048120K available (8469K kernel code, 1294K rwdata, 3984K rodata, 1488K init, 1316K bss, 46376K reserved, 0K cma-reserved)
[    0.000000] SLUB: HWalign=64, Order=0-3, MinObjects=0, CPUs=2, Nodes=1
[    0.000000] Hierarchical RCU implementation.
[    0.000000] 	Build-time adjustment of leaf fanout to 64.
[    0.000000] 	RCU restricting CPUs from NR_CPUS=512 to nr_cpu_ids=2.
[    0.000000] RCU: Adjusting geometry for rcu_fanout_leaf=64, nr_cpu_ids=2
[    0.000000] NR_IRQS:33024 nr_irqs:440 16
[    0.000000] Console: colour VGA+ 80x25
[    0.000000] console [tty1] enabled
[    0.000000] console [ttyS0] enabled
[    0.000000] tsc: Detected 2294.688 MHz processor
[    9.807304] Calibrating delay loop (skipped) preset value.. 4589.37 BogoMIPS (lpj=9178752)
[    9.969687] pid_max: default: 32768 minimum: 301
[   10.028908] ACPI: Core revision 20150930
[   10.030416] ACPI: 2 ACPI AML tables successfully acquired and loaded
[   10.105572] Security Framework initialized
[   10.182520] Yama: becoming mindful.
[   10.225382] AppArmor: AppArmor initialized
[   10.301323] Dentry cache hash table entries: 131072 (order: 8, 1048576 bytes)
[   10.390529] Inode-cache hash table entries: 65536 (order: 7, 524288 bytes)
[   10.459681] Mount-cache hash table entries: 2048 (order: 2, 16384 bytes)
[   10.558186] Mountpoint-cache hash table entries: 2048 (order: 2, 16384 bytes)
[   10.601001] Initializing cgroup subsys io
[   10.657588] Initializing cgroup subsys memory
[   10.718391] Initializing cgroup subsys devices
[   10.767216] Initializing cgroup subsys freezer
[   10.819636] Initializing cgroup subsys net_cls
[   10.882416] Initializing cgroup subsys perf_event
[   10.962331] Initializing cgroup subsys net_prio
[   11.026475] Initializing cgroup subsys hugetlb
[   11.069679] Initializing cgroup subsys pids
[   11.146596] CPU: Physical Processor ID: 0
[   11.220300] CPU: Processor Core ID: 0
[   11.278812] mce: CPU supports 0 MCE banks
[   11.326403] Last level iTLB entries: 4KB 1024, 2MB 1024, 4MB 1024
[   11.435791] Last level dTLB entries: 4KB 1024, 2MB 1024, 4MB 1024, 1GB 4
[   11.500902] Freeing SMP alternatives memory: 32K (ffffffff820b9000 - ffffffff820c1000)
[   11.591353] ftrace: allocating 32129 entries in 126 pages
[   11.757404] smpboot: APIC(0) Converting physical 0 to logical package 0
[   11.883316] smpboot: Max logical packages: 1
[   11.983510] x2apic enabled
[   12.031788] Switched APIC routing to physical x2apic.
[   12.132188] ..TIMER: vector=0x30 apic1=0 pin1=2 apic2=-1 pin2=-1
[   12.361819] smpboot: CPU0: Intel(R) Core(TM) i7-4850HQ CPU @ 2.30GHz (family: 0x6, model: 0x46, stepping: 0x1)
[   12.549981] Performance Events: unsupported p6 CPU model 70 no PMU driver, software events only.
[   12.633542] KVM setup paravirtual spinlock
[   12.671134] x86: Booting SMP configuration:
[   12.694041] .... node  #0, CPUs:      #1
[   12.721853] kvm-clock: cpu 1, msr 0:3ffe3041, secondary cpu clock
[   12.759097] mce: CPU supports 0 MCE banks
[   12.796736] x86: Booted up 1 node, 2 CPUs
[   12.865736] smpboot: Total of 2 processors activated (9178.75 BogoMIPS)
[   13.028395] devtmpfs: initialized
[   13.067149] evm: security.selinux
[   13.131059] evm: security.SMACK64
[   13.181873] evm: security.SMACK64EXEC
[   13.182553] evm: security.SMACK64TRANSMUTE
[   13.183276] evm: security.SMACK64MMAP
[   13.205739] evm: security.ima
[   13.234051] evm: security.capability
[   13.299772] clocksource: jiffies: mask: 0xffffffff max_cycles: 0xffffffff, max_idle_ns: 7645041785100000 ns
[   13.469891] futex hash table entries: 512 (order: 3, 32768 bytes)
[   13.600954] pinctrl core: initialized pinctrl subsystem
[   13.720714] RTC time: 18:11:42, date: 07/03/17
[   13.760504] NET: Registered protocol family 16
[   13.805821] cpuidle: using governor ladder
[   13.861802] cpuidle: using governor menu
[   13.946880] PCCT header not found.
[   14.016875] ACPI: bus type PCI registered
[   14.112870] acpiphp: ACPI Hot Plug PCI Controller Driver version: 0.5
[   14.259288] PCI: Using configuration type 1 for base access
[   14.387165] ACPI: Added _OSI(Module Device)
[   14.481569] ACPI: Added _OSI(Processor Device)
[   14.583388] ACPI: Added _OSI(3.0 _SCP Extensions)
[   14.699445] ACPI: Added _OSI(Processor Aggregator Device)
[   14.805368] ACPI: Executed 1 blocks of module-level executable AML code
[   14.878217] ACPI: Interpreter enabled
[   14.905463] ACPI: (supports S0 S5)
[   14.913835] ACPI: Using IOAPIC for interrupt routing
[   14.914778] PCI: Using host bridge windows from ACPI; if necessary, use "pci=nocrs" and report a bug
[   14.952670] ACPI: PCI Root Bridge [PCI0] (domain 0000 [bus 00-ff])
[   15.082363] acpi PNP0A03:00: _OSC: OS supports [ASPM ClockPM Segments MSI]
[   15.189666] acpi PNP0A03:00: _OSC failed (AE_NOT_FOUND); disabling ASPM
[   15.334059] acpi PNP0A03:00: fail to add MMCONFIG information, can't access extended PCI configuration space under this bridge.
[   15.554950] PCI host bridge to bus 0000:00
[   15.663600] pci_bus 0000:00: root bus resource [io  0x0000-0x0cf7 window]
[   15.808833] pci_bus 0000:00: root bus resource [io  0x0d00-0xffff window]
[   15.957717] pci_bus 0000:00: root bus resource [mem 0x000a0000-0x000bffff window]
[   16.024532] pci_bus 0000:00: root bus resource [mem 0x40000000-0xffdfffff window]
[   16.170792] pci_bus 0000:00: root bus resource [bus 00-ff]
[   16.304561] pci 0000:00:01.1: legacy IDE quirk: reg 0x10: [io  0x01f0-0x01f7]
[   16.456607] pci 0000:00:01.1: legacy IDE quirk: reg 0x14: [io  0x03f6]
[   16.591257] pci 0000:00:01.1: legacy IDE quirk: reg 0x18: [io  0x0170-0x0177]
[   16.731681] pci 0000:00:01.1: legacy IDE quirk: reg 0x1c: [io  0x0376]
[   16.869288] pci 0000:00:07.0: quirk: [io  0x4000-0x403f] claimed by PIIX4 ACPI
[   17.007478] pci 0000:00:07.0: quirk: [io  0x4100-0x410f] claimed by PIIX4 SMB
[   17.099979] ACPI: PCI Interrupt Link [LNKA] (IRQs 5 9 10 *11)
[   17.142575] ACPI: PCI Interrupt Link [LNKB] (IRQs 5 9 10 *11)
[   17.249763] ACPI: PCI Interrupt Link [LNKC] (IRQs 5 9 *10 11)
[   17.286542] ACPI: PCI Interrupt Link [LNKD] (IRQs 5 *9 10 11)
[   17.349675] ACPI: Enabled 2 GPEs in block 00 to 07
[   17.350941] vgaarb: setting as boot device: PCI:0000:00:02.0
[   17.351847] vgaarb: device added: PCI:0000:00:02.0,decodes=io+mem,owns=io+mem,locks=none
[   17.435612] vgaarb: loaded
[   17.466582] vgaarb: bridge control possible 0000:00:02.0
[   17.522057] SCSI subsystem initialized
[   17.603309] ACPI: bus type USB registered
[   17.688310] usbcore: registered new interface driver usbfs
[   17.810769] usbcore: registered new interface driver hub
[   17.914242] usbcore: registered new device driver usb
[   17.915395] PCI: Using ACPI for IRQ routing
[   17.942978] NetLabel: Initializing
[   17.943630] NetLabel:  domain hash size = 128
[   17.969390] NetLabel:  protocols = UNLABELED CIPSOv4
[   18.065872] NetLabel:  unlabeled traffic allowed by default
[   18.184439] amd_nb: Cannot enumerate AMD northbridges
[   18.221657] clocksource: Switched to clocksource kvm-clock
[   18.267520] AppArmor: AppArmor Filesystem Enabled
[   18.391587] pnp: PnP ACPI init
[   18.487031] pnp: PnP ACPI: found 3 devices
[   18.575618] clocksource: acpi_pm: mask: 0xffffff max_cycles: 0xffffff, max_idle_ns: 2085701024 ns
[   18.819212] NET: Registered protocol family 2
[   18.942994] TCP established hash table entries: 8192 (order: 4, 65536 bytes)
[   19.091354] TCP bind hash table entries: 8192 (order: 5, 131072 bytes)
[   19.263024] TCP: Hash tables configured (established 8192 bind 8192)
[   19.381776] UDP hash table entries: 512 (order: 2, 16384 bytes)
[   19.513416] UDP-Lite hash table entries: 512 (order: 2, 16384 bytes)
[   19.622595] NET: Registered protocol family 1
[   19.629058] pci 0000:00:00.0: Limiting direct PCI/PCI transfers
[   19.630092] pci 0000:00:01.0: Activating ISA DMA hang workarounds
[   19.677377] Unpacking initramfs...
[   21.372111] Freeing initrd memory: 10832K (ffff880036ac8000 - ffff88003755c000)
[   21.532758] platform rtc_cmos: registered platform RTC device (no PNP device found)
[   21.695532] Scanning for low memory corruption every 60 seconds
[   21.856671] audit: initializing netlink subsys (disabled)
[   22.006705] audit: type=2000 audit(1499105497.629:1): initialized
[   22.116986] Initialise system trusted keyring
[   22.226776] HugeTLB registered 2 MB page size, pre-allocated 0 pages
[   22.355890] zbud: loaded
[   22.375492] VFS: Disk quotas dquot_6.6.0
[   22.468539] VFS: Dquot-cache hash table entries: 512 (order 0, 4096 bytes)
[   22.651659] tsc: Refined TSC clocksource calibration: 2294.688 MHz
[   22.755512] clocksource: tsc: mask: 0xffffffffffffffff max_cycles: 0x21139aef754, max_idle_ns: 440795211890 ns
[   22.755831] squashfs: version 4.0 (2009/01/31) Phillip Lougher
[   22.756034] fuse init (API version 7.23)
[   22.756130] Key type big_key registered
[   22.756146] Allocating IMA MOK and blacklist keyrings.
[   22.756321] Key type asymmetric registered
[   22.756322] Asymmetric key parser 'x509' registered
[   22.756351] Block layer SCSI generic (bsg) driver version 0.4 loaded (major 249)
[   22.756374] io scheduler noop registered
[   22.756376] io scheduler deadline registered (default)
[   22.756399] io scheduler cfq registered
[   22.756492] pci_hotplug: PCI Hot Plug PCI Core version: 0.5
[   22.756496] pciehp: PCI Express Hot Plug Controller Driver version: 0.4
[   22.756850] ACPI: AC Adapter [AC] (on-line)
[   22.756899] input: Power Button as /devices/LNXSYSTM:00/LNXPWRBN:00/input/input0
[   22.756902] ACPI: Power Button [PWRF]
[   22.756961] input: Sleep Button as /devices/LNXSYSTM:00/LNXSLPBN:00/input/input1
[   22.756963] ACPI: Sleep Button [SLPF]
[   22.757083] GHES: HEST is not enabled!
[   22.758051] ACPI: Battery Slot [BAT0] (battery present)
[   22.758093] Serial: 8250/16550 driver, 32 ports, IRQ sharing enabled
[   23.033307] 00:02: ttyS0 at I/O 0x3f8 (irq = 4, base_baud = 115200) is a 16550A
[   23.164002] Linux agpgart interface v0.103
[   23.242226] loop: module loaded
[   23.242687] scsi host0: ata_piix
[   23.242732] scsi host1: ata_piix
[   23.242756] ata1: PATA max UDMA/33 cmd 0x1f0 ctl 0x3f6 bmdma 0xd000 irq 14
[   23.242756] ata2: PATA max UDMA/33 cmd 0x170 ctl 0x376 bmdma 0xd008 irq 15
[   23.242819] libphy: Fixed MDIO Bus: probed
[   23.242821] tun: Universal TUN/TAP device driver, 1.6
[   23.242821] tun: (C) 1999-2004 Max Krasnyansky <maxk@qualcomm.com>
[   23.243075] PPP generic driver version 2.4.2
[   23.243131] ehci_hcd: USB 2.0 'Enhanced' Host Controller (EHCI) Driver
[   23.243135] ehci-pci: EHCI PCI platform driver
[   23.243147] ehci-platform: EHCI generic platform driver
[   23.243153] ohci_hcd: USB 1.1 'Open' Host Controller (OHCI) Driver
[   23.243157] ohci-pci: OHCI PCI platform driver
[   23.243164] ohci-platform: OHCI generic platform driver
[   23.243170] uhci_hcd: USB Universal Host Controller Interface driver
[   23.243239] i8042: PNP: PS/2 Controller [PNP0303:PS2K,PNP0f03:PS2M] at 0x60,0x64 irq 1,12
[   23.359521] serio: i8042 KBD port at 0x60,0x64 irq 1
[   23.359528] serio: i8042 AUX port at 0x60,0x64 irq 12
[   23.359677] mousedev: PS/2 mouse device common for all mice
[   23.360095] rtc_cmos rtc_cmos: rtc core: registered rtc_cmos as rtc0
[   23.360166] rtc_cmos rtc_cmos: alarms up to one day, 114 bytes nvram
[   23.360176] i2c /dev entries driver
[   23.360236] device-mapper: uevent: version 1.0.3
[   23.360294] device-mapper: ioctl: 4.34.0-ioctl (2015-10-28) initialised: dm-devel@redhat.com
[   23.360315] ledtrig-cpu: registered to indicate activity on CPUs
[   23.360567] NET: Registered protocol family 10
[   23.360712] NET: Registered protocol family 17
[   23.360718] Key type dns_resolver registered
[   23.476976] microcode: CPU0 sig=0x40661, pf=0x40, revision=0x0
[   23.477039] microcode: CPU1 sig=0x40661, pf=0x40, revision=0x0
[   23.477120] microcode: Microcode Update Driver: v2.01 <tigran@aivazian.fsnet.co.uk>, Peter Oruba
[   23.477234] registered taskstats version 1
[   23.477246] Loading compiled-in X.509 certificates
[   23.477959] Loaded X.509 cert 'Build time autogenerated kernel key: 35105354eb779045e4d9ad793dead39d5ee93f76'
[   23.477982] zswap: loaded using pool lzo/zbud
[   23.479132] Key type trusted registered
[   23.481033] Key type encrypted registered
[   23.481038] AppArmor: AppArmor sha1 policy hashing enabled
[   23.481040] ima: No TPM chip found, activating TPM-bypass!
[   23.481053] evm: HMAC attrs: 0x1
[   23.481268]   Magic number: 9:755:189
[   23.616941] rtc_cmos rtc_cmos: setting system clock to 2017-07-03 18:11:52 UTC (1499105512)
[   23.617087] BIOS EDD facility v0.16 2004-Jun-25, 0 devices found
[   23.617088] EDD information not available.
[   24.095811] input: AT Translated Set 2 keyboard as /devices/platform/i8042/serio0/input/input2
[   29.426757] Freeing unused kernel memory: 1488K (ffffffff81f45000 - ffffffff820b9000)
[   29.666755] Write protecting the kernel read-only data: 14336k
[   29.845253] Freeing unused kernel memory: 1760K (ffff880001848000 - ffff880001a00000)
[   30.090874] Freeing unused kernel memory: 112K (ffff880001de4000 - ffff880001e00000)
Loading, please [   30.352804] random: systemd-udevd: uninitialized urandom read (16 bytes read, 4 bits of entropy available)
wait...
startin[   30.353483] random: udevadm: uninitialized urandom read (16 bytes read, 4 bits of entropy available)
g version 229
[   30.353516] random: udevadm: uninitialized urandom read (16 bytes read, 4 bits of entropy available)
[   30.353612] random: udevadm: uninitialized urandom read (16 bytes read, 4 bits of entropy available)
[   30.353647] random: udevadm: uninitialized urandom read (16 bytes read, 4 bits of entropy available)
[   30.353723] random: udevadm: uninitialized urandom read (16 bytes read, 4 bits of entropy available)
[   30.353761] random: udevadm: uninitialized urandom read (16 bytes read, 4 bits of entropy available)
[   30.353796] random: udevadm: uninitialized urandom read (16 bytes read, 4 bits of entropy available)
[   30.353844] random: udevadm: uninitialized urandom read (16 bytes read, 4 bits of entropy available)
[   30.353877] random: udevadm: uninitialized urandom read (16 bytes read, 4 bits of entropy available)
[   32.015342] e1000: Intel(R) PRO/1000 Network Driver - version 7.3.21-k8-NAPI
[   32.179935] e1000: Copyright (c) 1999-2006 Intel Corporation.
[   32.339573] Fusion MPT base driver 3.04.20
[   32.453657] Copyright (c) 1999-2008 LSI Corporation
[   32.625359] AVX version of gcm_enc/dec engaged.
[   32.698653] AES CTR mode by8 optimization enabled
[   32.737033] Fusion MPT SPI Host driver 3.04.20
[   32.837797] input: ImExPS/2 Generic Explorer Mouse as /devices/platform/i8042/serio1/input/input4
[   33.074548] e1000 0000:00:03.0 eth0: (PCI:33MHz:32-bit) 02:c5:8b:0d:33:ad
[   33.252770] e1000 0000:00:03.0 eth0: Intel(R) PRO/1000 Network Connection
[   33.377206] e1000 0000:00:03.0 enp0s3: renamed from eth0
[   33.474339] mptbase: ioc0: Initiating bringup
[   33.538338] ioc0: LSI53C1030 A0: Capabilities={Initiator}
[   33.838830] scsi host2: ioc0: LSI53C1030 A0, FwRev=00000000h, Ports=1, MaxQ=256, IRQ=20
[   34.001717] scsi 2:0:0:0: Direct-Access     VBOX     HARDDISK         1.0  PQ: 0 ANSI: 5
[   34.161081] scsi target2:0:0: Beginning Domain Validation
[   34.293528] scsi target2:0:0: Domain Validation skipping write tests
[   34.486292] scsi target2:0:0: Ending Domain Validation
[   34.520760] scsi target2:0:0: asynchronous
[   34.621153] scsi 2:0:1:0: Direct-Access     VBOX     HARDDISK         1.0  PQ: 0 ANSI: 5
[   34.837417] scsi target2:0:1: Beginning Domain Validation
[   34.942715] scsi target2:0:1: Domain Validation skipping write tests
[   35.063561] scsi target2:0:1: Ending Domain Validation
[   35.162941] scsi target2:0:1: asynchronous
[   35.257991] sd 2:0:0:0: Attached scsi generic sg0 type 0
[   35.383193] sd 2:0:0:0: [sda] 20971520 512-byte logical blocks: (10.7 GB/10.0 GiB)
[   35.431317] sd 2:0:1:0: Attached scsi generic sg1 type 0
[   35.431580] sd 2:0:1:0: [sdb] 20480 512-byte logical blocks: (10.5 MB/10.0 MiB)
[   35.431910] sd 2:0:1:0: [sdb] Write Protect is off
[   35.432133] sd 2:0:1:0: [sdb] Incomplete mode parameter data
[   35.432134] sd 2:0:1:0: [sdb] Assuming drive cache: write through
[   35.433911] sd 2:0:1:0: [sdb] Attached SCSI disk
[   36.054245] floppy0: no floppy controllers found
[   36.054302] work still pending
[   36.519186] sd 2:0:0:0: [sda] Write Protect is off
[   36.535504] sd 2:0:0:0: [sda] Incomplete mode parameter data
[   36.759938] sd 2:0:0:0: [sda] Assuming drive cache: write through
[   36.944603]  sda: sda1
[   36.994055] sd 2:0:0:0: [sda] Attached SCSI disk
Begin: Loading e[   38.295893] md: linear personality registered for level -1
ssential drivers[   38.335815] md: multipath personality registered for level -4
 ... [   38.393510] md: raid0 personality registered for level 0
[   38.534158] md: raid1 personality registered for level 1
[   38.729738] raid6: sse2x1   gen()  9666 MB/s
[   38.910005] raid6: sse2x1   xor()  8038 MB/s
[   39.061673] raid6: sse2x2   gen() 13081 MB/s
[   39.210050] raid6: sse2x2   xor()  8721 MB/s
[   39.385706] raid6: sse2x4   gen() 14356 MB/s
[   39.486223] raid6: sse2x4   xor()  8474 MB/s
[   39.560270] raid6: using algorithm sse2x4 gen() 14356 MB/s
[   39.676165] raid6: .... xor() 8474 MB/s, rmw enabled
[   39.730410] raid6: using ssse3x2 recovery algorithm
[   39.777072] xor: automatically using best checksumming function:
[   39.841749]    avx       : 19608.000 MB/sec
[   39.916858] async_tx: api initialized (async)
[   39.965012] md: raid6 personality registered for level 6
[   40.059542] md: raid5 personality registered for level 5
[   40.090598] md: raid4 personality registered for level 4
[   40.145596] md: raid10 personality registered for level 10
done.
Begin: Running /scripts/init-premount ... done[   40.286762] Btrfs loaded
.
Begin: Mounting root file system ... Begin: Running /scripts/local-top ... done.
Begin: Running /scripts/local-premount ... Scanning for Btrfs filesystems
done.
[   40.351524] EXT4-fs (sda1): mounted filesystem with ordered data mode. Opts: (null)
Warning: fsck not present, so skipping root file system
done.
Begin: Running /scripts/local-bottom ... done.
Begin: Running /scripts/init-bottom ... done.
[   40.540917] systemd[1]: systemd 229 running in system mode. (+PAM +AUDIT +SELINUX +IMA +APPARMOR +SMACK +SYSVINIT +UTMP +LIBCRYPTSETUP +GCRYPT +GNUTLS +ACL +XZ -LZ4 +SECCOMP +BLKID +ELFUTILS +KMOD -IDN)
[   40.599171] systemd[1]: Detected virtualization oracle.
[   40.643391] systemd[1]: Detected architecture x86-64.

Welcome to [1mUbuntu 16.04.2 LTS[0m!

[   40.655490] systemd[1]: Set hostname to <ubuntu>.
[   40.668174] systemd[1]: Initializing machine ID from random generator.
[   40.830678] systemd[1]: Installed transient /etc/machine-id file.
[   40.989760] systemd[1]: Reached target User and Group Name Lookups.
[[0;32m  OK  [0m] Reached target User and Group Name Lookups.
[   41.173048] systemd[1]: Reached target Encrypted Volumes.
[[0;32m  OK  [0m] Reached target Encrypted Volumes.
[   41.314353] systemd[1]: Listening on Device-mapper event daemon FIFOs.
[[0;32m  OK  [0m] Listening on Device-mapper event daemon FIFOs.
[   41.382166] systemd[1]: Listening on udev Kernel Socket.
[[0;32m  OK  [0m] Listening on udev Kernel Socket.
[   41.598317] systemd[1]: Listening on Syslog Socket.
[[0;32m  OK  [0m] Listening on Syslog Socket.
[   41.671819] systemd[1]: Listening on /dev/initctl Compatibility Named Pipe.
[[0;32m  OK  [0m] Listening on /dev/initctl Compatibility Named Pipe.
[   41.762379] systemd[1]: Set up automount Arbitrary Executable File Formats File System Automount Point.
[[0;32m  OK  [0m] Set up automount Arbitrary Executab...ats File System Automount Point.
[   42.170473] systemd[1]: Created slice User and Session Slice.
[[0;32m  OK  [0m] Created slice User and Session Slice.
[   42.410149] systemd[1]: Listening on LVM2 poll daemon socket.
[[0;32m  OK  [0m] Listening on LVM2 poll daemon socket.
[   42.637965] systemd[1]: Listening on LVM2 metadata daemon socket.
[[0;32m  OK  [0m] Listening on LVM2 metadata daemon socket.
[   42.770612] systemd[1]: Started Trigger resolvconf update for networkd DNS.
[[0;32m  OK  [0m] Started Trigger resolvconf update for networkd DNS.
[   42.837955] systemd[1]: Reached target Swap.
[[0;32m  OK  [0m] Reached target Swap.
[   42.914284] systemd[1]: Created slice System Slice.
[[0;32m  OK  [0m] Created slice System Slice.
[   43.009197] systemd[1]: Reached target Slices.
[[0;32m  OK  [0m] Reached target Slices.
[   43.050185] systemd[1]: Listening on Journal Audit Socket.
[[0;32m  OK  [0m] Listening on Journal Audit Socket.
[   43.142523] systemd[1]: Created slice system-serial\x2dgetty.slice.
[[0;32m  OK  [0m] Created slice system-serial\x2dgetty.slice.
[   43.351423] systemd[1]: Started Forward Password Requests to Wall Directory Watch.
[[0;32m  OK  [0m] Started Forward Password Requests to Wall Directory Watch.
[   43.554294] systemd[1]: Listening on Journal Socket (/dev/log).
[[0;32m  OK  [0m] Listening on Journal Socket (/dev/log).
[   43.666600] systemd[1]: Listening on Journal Socket.
[[0;32m  OK  [0m] Listening on Journal Socket.
[   43.870123] systemd[1]: Mounting Huge Pages File System...
         Mounting Huge Pages File System...
[   43.962094] systemd[1]: Starting Set console keymap...
         Starting Set console keymap...
[   44.126458] systemd[1]: Starting Monitoring of LVM2 mirrors, snapshots etc. using dmeventd or progress polling...
         Starting Monitoring of LVM2 mirrors... dmeventd or progress polling...
[   44.350061] systemd[1]: Starting Create list of required static device nodes for the current kernel...
[   44.350491] random: nonblocking pool is initialized
         Starting Create list of required st... nodes for the current kernel...
[   44.554362] systemd[1]: Mounting Debug File System...
         Mounting Debug File System...
[   44.682352] systemd[1]: Mounting POSIX Message Queue File System...
         Mounting POSIX Message Queue File System...
[   44.774883] systemd[1]: Starting Journal Service...
         Starting Journal Service...
[   44.838966] systemd[1]: Starting Uncomplicated firewall...
         Starting Uncomplicated firewall...
[   44.882066] systemd[1]: Starting Nameserver information manager...
         Starting Nameserver information manager...
[   44.915197] systemd[1]: Starting Load Kernel Modules...
[   44.938479] Loading iSCSI transport class v2.0-870.
         Starting Load Kernel Mo[   44.966431] iscsi: registered transport (tcp)
dules...
[   44.993095] iscsi: registered transport (iser)
[   45.049963] systemd[1]: Starting Remount Root and Kernel File Systems...
[   45.053950] EXT4-fs (sda1): re-mounted. Opts: (null)
         Starting Remount Root and Kernel File Systems...
[   45.154172] systemd[1]: Listening on udev Control Socket.
[[0;32m  OK  [0m] Listening on udev Control Socket.
[   45.157362] systemd[1]: Mounted Huge Pages File System.
[[0;32m  OK  [0m] Mounted Huge Pages File System.
[   45.322215] systemd[1]: Mounted POSIX Message Queue File System.
[[0;32m  OK  [0m] Mounted POSIX Message Queue File System.
[   45.538171] systemd[1]: Mounted Debug File System.
[[0;32m  OK  [0m] Mounted Debug File System.
[   45.650161] systemd[1]: Started Journal Service.
[[0;32m  OK  [0m] Started Journal Service.
[[0;32m  OK  [0m] Started Set console keymap.
[[0;32m  OK  [0m] Started Create list of required sta...ce nodes for the current kernel.
[[0;32m  OK  [0m] Started Uncomplicated firewall.
[[0;32m  OK  [0m] Started Load Kernel Modules.
[[0;32m  OK  [0m] Started Remount Root and Kernel File Systems.
[[0;32m  OK  [0m] Started Nameserver information manager.
[[0;32m  OK  [0m] Started LVM2 metadata daemon.
         Starting udev Coldplug all Devices...
         Starting Initial cloud-init job (pre-networking)...
         Starting Load/Save Random Seed...
         Mounting FUSE Control File System...
         Starting Apply Kernel Variables...
         Starting Create Static Device Nodes in /dev...
         Starting Flush Journal to Persistent Storage...
[[0;32m  OK  [0m] Mounted FUSE Control File System.
[[0;32m  OK  [0m] Started Load/Save Random Seed.
[[0;32m  OK  [0m] Started Apply Kernel Variables.
[[0;32m  OK  [0m] Started Create Static Device Nodes in /dev.
[[0;32m  OK  [0m] Started Monitoring of LVM2 mirrors,...ng dmeventd or progress polling.
[[0;32m  OK  [0m] Started udev Coldplug all Devices.
[[0;32m  OK  [0m] Started Flush Journal to Persistent Storage.
         Starting udev Kernel Device Manager...
[[0;32m  OK  [0m] Started udev Kernel Device Manager.
[[0;32m  OK  [0m] Reached target Local File Systems (Pre).
[[0;32m  OK  [0m] Reached target Local File Systems.
         Starting Commit a transient machine-id on disk...
         Starting Set console font and keymap...
         Starting Tell Plymouth To Write Out Runtime Data...
         Starting LSB: AppArmor initialization...
         Starting Create Volatile Files and Directories...
[[0;32m  OK  [0m] Started Dispatch Password Requests to Console Directory Watch.
[   29.449503] cloud-init[447]: Cloud-init v. 0.7.9 running 'init-local' at Mon, 03 Jul 2017 18:12:15 +0000. Up 29.13 seconds.
[[0;32m  OK  [0m] Started Commit a transient machine-id on disk.
[[0;1;31mFAILED[0m] Failed to start Set console font and keymap.
See 'systemctl status console-setup.service' for details.
[[0;32m  OK  [0m] Started Tell Plymouth To Write Out Runtime Data.
[[0;32m  OK  [0m] Started Create Volatile Files and Directories.
[[0;32m  OK  [0m] Started Initial cloud-init job (pre-networking).
[[0;32m  OK  [0m] Found device /dev/ttyS0.
[[0;32m  OK  [0m] Listening on Load/Save RF Kill Switch Status /dev/rfkill Watch.
[[0;32m  OK  [0m] Reached target Network (Pre).
         Starting Update UTMP about System Boot/Shutdown...
[[0;32m  OK  [0m] Reached target System Time Synchronized.
[[0;32m  OK  [0m] Created slice system-getty.slice.
[[0;32m  OK  [0m] Started LSB: AppArmor initialization.
[[0;32m  OK  [0m] Started Update UTMP about System Boot/Shutdown.
         Starting Raise network interfaces...
[[0;32m  OK  [0m] Started Raise network interfaces.
[[0;32m  OK  [0m] Reached target Network.
         Starting Initial cloud-init job (metadata service crawler)...
[   32.918735] cloud-init[903]: Cloud-init v. 0.7.9 running 'init' at Mon, 03 Jul 2017 18:12:19 +0000. Up 32.49 seconds.
[   33.008433] cloud-init[903]: ci-info: +++++++++++++++++++++++++++++++++++++Net device info++++++++++++++++++++++++++++++++++++++
[   33.008785] cloud-init[903]: ci-info: +--------+------+----------------------------+---------------+-------+-------------------+
[[0;32m  OK  [0m] Started Initial cloud-init job (metadata service crawler).
[   33.008952] cloud-init[903]: ci-info: | Device |  Up  |          Address           |      Mask     | Scope |     Hw-Address    |
[   33.324415] cloud-init[903]: ci-info: +--------+------+----------------------------+---------------+-------+-------------------+
[   33.324791] cloud-init[903]: ci-info: |   lo   | True |         127.0.0.1          |   255.0.0.0   |   .   |         .         |
[[0;32m  OK  [0m] Reached target Cloud-config availability.
[[   33.324983] cloud-init[903]: ci-info: |   lo   | True |          ::1/128           |       .       |  host |         .         |
[   33.519550] cloud-init[903]: ci-info: | enp0s3 | True |         10.0.2.15          | 255.255.255.0 |   .   | 02:c5:8b:0d:33:ad |
[0;32m  OK  [0m] Reached target System Initialization.
[[   33.519717] cloud-init[0;32m  OK  [0m] Listening on UUID daemon activation socket.
[903]: ci-info: | enp0s3 | True | fe80::c5:8bff:fe0d:33ad/64 |       .       |  link | 02:c5:8b:0d:33:ad |
[   33.632493] cloud-init[903]: ci-info: +--------+------+----------------------------+---------------+-------+-------------------+
[   33.632875] cloud-init[903]: ci-info: +++++++++++++++++++++++++++Route IPv4 info++++++++++++++++++++++++++++
         Starting LXD - unix socket.
[[   33.633034] cloud-init[903]: ci-info: +-------+-------------+----------+---------------+-----------+-------+
[   33.769159] cloud-init[903]: ci-info: | Route | Destination | Gateway  |    Genmask    | Interface | Flags |
[0;32m  OK  [0m] Started Timer to automatically refresh installed snaps.
[[   33.769271] cloud-init[903]: ci-info: +-------+-------------+----------+---------------+-----------+-------+
[   33.865315] cloud-init[903]: ci-info: |   0   |   0.0.0.0   | 10.0.2.2 |    0.0.0.0    |   enp0s3  |   UG  |
[   33.865423] cloud-init[903]: ci-info: |   1   |   10.0.2.0  | 0.0.0.0  | 255.255.255.0 |   enp0s3  |   U   |
[   33.865573] cloud-init[903]: ci-info: +-------+-------------+----------+---------------+-----------+-------+
[   33.865756] cloud-init[903]: Generating public/private rsa key pair.
[   33.865886] cloud-init[903]: Your identification has been saved in /etc/ssh/ssh_host_rsa_key.
[0;32m  OK  [0m] Started Daily apt activities.
         Starting Socket activation for snappy daemon.[   33.866033] cloud-init[903]: Your public key has been saved in /etc/ssh/ssh_host_rsa_key.pub.
[   34.145063] cloud-init[903]: The key fingerprint is:
[   34.145162] cloud-init[903]: SHA256:DuRq+YYYr8GrEnm+x8ClgVWd3IfWPZ5rqimMocFb0BA root@ubuntu-xenial
[   34.145306] cloud-init[903]: The key's randomart image is:
[   34.145454] cloud-init[903]: +---[RSA 2048]----+
[   34.145603] cloud-init[903]: |  Eo.o o o .     |
[   34.145753] cloud-init[903]: |  o   + + o o    |
[   34.145903] cloud-init[903]: | o o  .. . . o   |

[   34.146205] cloud-init[903]: |. o oo      o    |
[   34.484886] cloud-init[903]: | + =  o S    .   |
[   34.485281] cloud-init[903]: |o.O oo o    o    |
[[0;32m  OK  [0m] Started ACPI Events Check.
[[   34.485443] cloud-init[903]: | +o@+=  .  o     |
[   34.597163] cloud-init[903]: |. =+*.+  ..      |
[0;32m  OK  [0m] Reached target Paths.
[[   34.597307] cloud-init[903]: |o.++ ...o.       |
[   34.701281] cloud-init[903]: +----[SHA256]-----+
[0;32m  OK  [0m] Listening on D-Bus System Message Bus Socket.
[[   34.701382] cloud-init[903]: Generating public/private dsa key pair.
[   34.820932] cloud-init[903]: Your identification has been saved in /etc/ssh/ssh_host_dsa_key.
[0;32m  OK  [0m] Started Daily Cleanup of Temporary Directories.
[   34.821039] cloud-init[903]: Your public key has been saved in /etc/ssh/ssh_host_dsa_key.pub.
[[0;32m  OK  [0m] Reached target Timers.
[[   35.005591] cloud-init[903]: The key fingerprint is:
[   35.112716] cloud-init[903]: SHA256:9k3bmNki/S9+sTNAC94v1mBS95esxxmt50/KcD1XXdU root@ubuntu-xenial
[0;32m  OK  [0m] Listening on ACPID Listen Socket.
[[   35.112779] cloud-init[903]: The key's randomart image is:
[   35.252833] cloud-init[903]: +---[DSA 1024]----+
[   35.252895] cloud-init[903]: |                o|
[   35.253012] cloud-init[903]: |                E|
[   35.253129] cloud-init[903]: |                .|
[   35.253260] cloud-init[903]: |           . o .o|
[0;32m  OK  [0m] Reached target Network is Online.
[   35.253378] cloud-init[903]: |        S . * + *|
[   35.496736] cloud-init[903]: |       . . * & *=|
[   35.497220] cloud-init[903]: |          o % @oX|
         Starting iSCSI initiator daemon (iscsid)...
[   35.497513] cloud-init[903]: |           . Xo%=|
[   35.652626] cloud-init[903]: |            ..B*B|
[   35.652867] cloud-init[903]: +----[SHA256]-----+
[[0;32m  OK  [0m] Listening on LXD - unix socket.
[[   35.652990] cloud-init[903]: Generating public/private ecdsa key pair.
[   35.709001] cloud-init[903]: Your identification has been saved in /etc/ssh/ssh_host_ecdsa_key.
[0;32m  OK  [0m] Listening on Socket activation for snappy daemon.
[   35.709104] cloud-init[903]: Your public key has been saved in /etc/ssh/ssh_host_ecdsa_key.pub.
[   35.948830] cloud-init[903]: The key fingerprint is:
[   35.996585] cloud-init[903]: SHA256:gvFboSsIl0F4wm1X9kkSGVieydNZz0Hh7N07ctAVwNc root@ubuntu-xenial
[   36.072945] cloud-init[903]: The key's randomart image is:
[[0;32m  OK  [0m] Started iSCSI initiator daemon (iscsid).
[   36.111812] cloud-init[903]: +---[ECDSA 256]---+
[   36.126603] cloud-init[903]: |..o   +B+. .o=o..|
[   36.128570] cloud-init[903]: |oo.o o+.B + =...E|
[   36.129405] cloud-init[903]: | oo o  *.=   =. .|
[   36.172982] cloud-init[903]: |   o + ...  . o o|
[   36.204851] cloud-init[903]: |. o . + S    o o.|
[   36.236415] cloud-init[903]: | o .   =      . .|
[   36.276452] cloud-init[903]: |  . . o      . + |
[   36.312367] cloud-init[903]: |     .        o .|
[   36.333877] cloud-init[903]: |                 |
[   36.360388] cloud-init[903]: +----[SHA256]-----+
         Starting Login to default iSCSI targets...
[[0;32m  OK  [0m] Reached target Sockets.
[[0;32m  OK  [0m] Reached target Basic System.
[   36.391117] cloud-init[903]: Generating public/private ed25519 key pair.
[   36.468999]          cloud-initStarting LSB: Record successful boot for GRUB...[903]: 
Your identification has been saved in /etc/ssh/ssh_host_ed25519_key.
[   36.628284]          cloud-initStarting Apply the settings specified in cloud-config...[903]: 
Your public key has been saved in /etc/ssh/ssh_host_ed25519_key.pub.
         Starting Accounts Service...
[   36.662700] cloud-init[903]: The key fingerprint is:
         Starting /etc/rc.local Compatibility...
[   36.786628] cloud-init[903]: SHA256:0ArdHtzIRUgYkAa5qX3rJz721XQ3NeH98g6MaOvrdTI root@ubuntu-xenial
[[0;32m  OK  [0m] Started D-Bus System Message Bus.
[   36.906742] cloud-init[903]: The key's randomart image is:
[   37.056344] cloud-init[903]: +--[ED25519 256]--+
[[0;32m  OK  [0m] Started Deferred execution scheduler.
[   37.127483] cloud-init[903]: |  .o.o.+.oo    . |
[   37.235220] cloud-init[903]: |  . o..=.+    . o|
[   37.244223] cloud-init[903]: |   +. o B .    oo|
[   37.244367] cloud-init[903]: |  o  . + .     .o|
[[0;32m  OK  [0m] Started Snappy daemon.
[   37.244480] cloud-init[903]: | o    . S . . + .|
[   37.279628] cloud-init[903]: |. . .    o o + + |
[   37.281807] cloud-init[903]: |   . .  . + E + .|
[   37.304247] cloud-init[903]: |    = .. . o + o |
         Starting System Logging Service...
[   37.304685] cloud-init[903]: |   +o=.  o=.    .|
[   37.364385] cloud-init[903]: +----[SHA256]-----+
         Starting LSB: MD monitoring daemon...
[   37.366008] cloud-init[1009]: Generating locales (this might take a while)...
[[0;32m  OK  [0m] Started Regular background program processing daemon.
         Starting Auto import assertions from block devices...
[[0;32m  OK  [0m] Started Unattended Upgrades Shutdown.
[   37.528754] cloud-init[1009]:   en_US.UTF-8... done
[   37.624789] cloud-init[1009]: Generation complete.
[[0;32m  OK  [0m] Started FUSE filesystem for LXC.
         Starting Login Service...
         Starting Pollinate to seed the pseudo random number generator...
[[0;32m  OK  [0m] Started ACPI event daemon.
         Starting LXD - container startup/shutdown...
[[0;32m  OK  [0m] Started System Logging Service.
[[0;32m  OK  [0m] Started /etc/rc.local Compatibility.
[[0;32m  OK  [0m] Started Auto import assertions from block devices.
[[0;32m  OK  [0m] Started LXD - container startup/shutdown.
[[0;32m  OK  [0m] Started Login to default iSCSI targets.
[[0;32m  OK  [0m] Started LSB: Record successful boot for GRUB.
[[0;32m  OK  [0m] Started Pollinate to seed the pseudo random number generator.
[[0;32m  OK  [0m] Started LSB: MD monitoring daemon.
         Starting Authenticate and Authorize Users to Run Privileged Tasks...
[[0;32m  OK  [0m] Stopped OpenBSD Secure Shell server.
         Starting OpenBSD Secure Shell server...
[[0;32m  OK  [0m] Reached target Remote File Systems (Pre).
[[0;32m  OK  [0m] Reached target Remote File Systems.
         Starting LSB: VirtualBox Linux Additions...
         Starting LSB: daemon to balance interrupts for SMP systems...
         Starting LSB: Set the CPU Frequency Scaling governor to "ondemand"...
         Starting LSB: automatic crash report generation...
         Starting Permit User Sessions...
[[0;32m  OK  [0m] Started OpenBSD Secure Shell server.
[[0;32m  OK  [0m] Started Permit User Sessions.
[[0;32m  OK  [0m] Started Login Service.
[[0;32m  OK  [0m] Started Authenticate and Authorize Users to Run Privileged Tasks.
[[0;32m  OK  [0m] Started Accounts Service.
[[0;32m  OK  [0m] Started LSB: Set the CPU Frequency Scaling governor to "ondemand".
[[0;32m  OK  [0m] Started LSB: VirtualBox Linux Additions.
[   38.943126] [cloud-init[0;32m  OK  [0m[1009]: ] Cloud-init v. 0.7.9 running 'modules:config' at Mon, 03 Jul 2017 18:12:23 +0000. Up 36.72 seconds.Started LSB: daemon to balance interrupts for SMP systems.

         Starting Hold until boot process finishes up...
         Starting Terminate Plymouth Boot Screen...
[[0;32m  OK  [0m] Started Apply the settings specified in cloud-config.
[[0;32m  OK  [0m] Started LSB: automatic crash report generation.
[[0;32m  OK  [0m] Started Hold until boot process finishes up.
[[0;32m  OK  [0m] Started Terminate Plymouth Boot Screen.
[[0;32m  OK  [0m] Started Getty on tty1.
[[0;32m  OK  [0m] Started Serial Getty on ttyS0.
[[0;32m  OK  [0m] Reached target Login Prompts.
         Starting Set console scheme...
[[0;32m  OK  [0m] Reached target Multi-User System.
[[0;32m  OK  [0m] Reached target Graphical Interface.
         Starting Update UTMP about System Runlevel Changes...
         Starting Execute cloud user/final scripts...
[[0;32m  OK  [0m] Started Set console scheme.
[[0;32m  OK  [0m] Started Update UTMP about System Runlevel Changes.
ci-info: no authorized ssh keys fingerprints found for user ubuntu.
<14>Jul  3 18:12:26 ec2: 
<14>Jul  3 18:12:26 ec2: #############################################################
<14>Jul  3 18:12:26 ec2: -----BEGIN SSH HOST KEY FINGERPRINTS-----
<14>Jul  3 18:12:26 ec2: 1024 SHA256:9k3bmNki/S9+sTNAC94v1mBS95esxxmt50/KcD1XXdU root@ubuntu-xenial (DSA)
<14>Jul  3 18:12:26 ec2: 256 SHA256:gvFboSsIl0F4wm1X9kkSGVieydNZz0Hh7N07ctAVwNc root@ubuntu-xenial (ECDSA)
<14>Jul  3 18:12:26 ec2: 256 SHA256:0ArdHtzIRUgYkAa5qX3rJz721XQ3NeH98g6MaOvrdTI root@ubuntu-xenial (ED25519)
<14>Jul  3 18:12:26 ec2: 2048 SHA256:DuRq+YYYr8GrEnm+x8ClgVWd3IfWPZ5rqimMocFb0BA root@ubuntu-xenial (RSA)
<14>Jul  3 18:12:26 ec2: -----END SSH HOST KEY FINGERPRINTS-----
<14>Jul  3 18:12:26 ec2: #############################################################
-----BEGIN SSH HOST KEY KEYS-----
ecdsa-sha2-nistp256 AAAAE2VjZHNhLXNoYTItbmlzdHAyNTYAAAAIbmlzdHAyNTYAAABBBHK/M0xXuNxv9hiS7/d7A3Tzj36EslMHAUBxkFn2E4BDPcg94VisYB2SVZQcvI7n0Za7vNOqi2UavNSGNScSVU0= root@ubuntu-xenial
ssh-ed25519 AAAAC3NzaC1lZDI1NTE5AAAAIFRiOsqAsnU8l8k2/BMPhIR37eGDnzxoDEw+YAR8iH1k root@ubuntu-xenial
ssh-rsa AAAAB3NzaC1yc2EAAAADAQABAAABAQDD3Mb23UNafFJNQff77Nlsaau6whk7eWFqxf8C8Wleg9M2Loey0O7SaMQltzhaI2kvh7RKazc2soIzQrCKP7iMVomk0R6bC5pODHkPwxTrgV2xCQkQJAJokqhDuZYz7Z/oAzQvYLSFiBkWy+ZU9q+Oe1bwJ1R9oj6TvkNjlCQ21fMwNUwLUm0Qc8zTpyKp49WO4XE2les55nmHf4hDYUfabdsWq/AfTJaB0avcGQDA/y8V73YtJQt7L1fnTd8BU6k1+pWpN6BAViVVV0EO+u5CBiEd8/cs2lvibEOYbeckN9f2B9hTDCTnripXlBXJE4ECPEtyXcg01jpoym31LRWx root@ubuntu-xenial
-----END SSH HOST KEY KEYS-----
[[0;32m  OK  [0m] Created slice User Slice of ubuntu.
[   41.046351] cloud-init[1265]: Cloud-init v. 0.7.9 running 'modules:final' at Mon, 03 Jul 2017 18:12:26 +0000. Up 39.97 seconds.
[   41.164488] cloud-init[1265]: ci-info: no authorized ssh keys fingerprints found for user ubuntu.
[   41.216755] cloud-init[1265]: Cloud-init v. 0.7.9 finished at Mon, 03 Jul 2017 18:12:27 +0000. Datasource DataSourceNoCloud [seed=/dev/sdb][dsmode=net].  Up 41.03 seconds
[[0;32m  OK  [0m] Started Execute cloud user/final scripts.
         Starting User Manager for UID 1000...
[[0;32m  OK  [0m] Reached target Cloud-init target.
[[0;32m  OK  [0m] Started User Manager for UID 1000.

Ubuntu 16.04.2 LTS ubuntu-xenial ttyS0

ubuntu-xenial login:          Stopping User Maf         Stopping Regular background program processing daemon...
         Stopping LSB: Set the CPU Frequency Scaling governor to "ondemand"...
[  OK  ] Stopped Apply the settings specified in cloud-config.
[  OK  ] Stopped target Cloud-config availability.
         Stopping System Logging Service...
         Stopping Snappy daemon...
[  OK  ] Unmounted /vagrant.
[  OK  ] Unmounted /var/lib/lxcfs.
[  OK  ] Stopped Accounts Service.
[  OK  ] Stopped Deferred execution scheduler.
[  OK  ] Stopped Snappy daemon.
[  OK  ] Stopped System Logging Service.
[  OK  ] Stopped Regular background program processing daemon.
[  OK  ] Stopped ACPI event daemon.
[  OK  ] Stopped Authenticate and Authorize Users to Run Privileged Tasks.
[  OK  ] Stopped OpenBSD Secure Shell server.
[  OK  ] Stopped Getty on tty1.
[  OK  ] Stopped Serial Getty on ttyS0.
[  OK  ] Stopped User Manager for UID 1000.
[  OK  ] Stopped Session 5 of user ubuntu.
[  OK  ] Stopped Unattended Upgrades Shutdown.
[  OK  ] Stopped vboxadd.service.
[  OK  ] Stopped A high performance web server and a reverse proxy server.
[  OK  ] Stopped D-Bus System Message Bus.
[  OK  ] Stopped FUSE filesystem for LXC.
[  OK  ] Stopped LXD - container startup/shutdown.
[  OK  ] Stopped LSB: Record successful boot for GRUB.
[  OK  ] Stopped LSB: daemon to balance interrupts for SMP systems.
[  OK  ] Stopped LSB: MD monitoring daemon.
[  OK  ] Stopped LSB: automatic crash report generation.
[  OK  ] Stopped LSB: Set the CPU Frequency Scaling governor to "ondemand".
[  OK  ] Removed slice User Slice of ubuntu.
         Stopping Login Service...
[  OK  ] Removed slice system-serial\x2dgetty.slice.
         Stopping Permit User Sessions...
[  OK  ] Stopped /etc/rc.local Compatibility.
[  OK  ] Removed slice system-getty.slice.
[  OK  ] Stopped Login Service.
[  OK  ] Stopped Permit User Sessions.
[  OK  ] Stopped target Remote File Systems.
[  OK  ] Stopped target Remote File Systems (Pre).
         Stopping Login to default iSCSI targets...
[  OK  ] Stopped target Basic System.
[  OK  ] Stopped target Sockets.
[  OK  ] Closed ACPID Listen Socket.
[  OK  ] Closed LXD - unix socket.
[  OK  ] Closed Socket activation for snappy daemon.
[  OK  ] Closed UUID daemon activation socket.
[  OK  ] Closed Syslog Socket.
[  OK  ] Stopped target Paths.
[  OK  ] Stopped Dispatch Password Requests to Console Directory Watch.
[  OK  ] Stopped Forward Password Requests to Wall Directory Watch.
[  OK  ] Stopped ACPI Events Check.
[  OK  ] Stopped target Slices.
[  OK  ] Stopped target User and Group Name Lookups.
[  OK  ] Removed slice User and Session Slice.
[  OK  ] Closed D-Bus System Message Bus Socket.
[  OK  ] Stopped target System Initialization.
         Stopping Load/Save Random Seed...
         Stopping Update UTMP about System Boot/Shutdown...
[  OK  ] Stopped Commit a transient machine-id on disk.
[  OK  ] Stopped target Encrypted Volumes.
[  OK  ] Stopped target Swap.
[  OK  ] Stopped Load/Save Random Seed.
[  OK  ] Stopped Update UTMP about System Boot/Shutdown.
[  OK  ] Stopped Login to default iSCSI targets.
         Stopping iSCSI initiator daemon (iscsid)...
[  OK  ] Stopped Create Volatile Files and Directories.
[  OK  ] Stopped iSCSI initiator daemon (iscsid).
[  OK  ] Stopped target Network is Online.
[  OK  ] Stopped Initial cloud-init job (metadata service crawler).
[  OK  ] Stopped target Network.
         Stopping Raise network interfaces...
[  OK  ] Stopped Raise network interfaces.
[  OK  ] Stopped target Local File Systems.
         Unmounting /run/user/1000...
[  OK  ] Stopped target Network (Pre).
[  OK  ] Stopped Initial cloud-init job (pre-networking).
[  OK  ] Stopped Apply Kernel Variables.
[  OK  ] Stopped Load Kernel Modules.
[  OK  ] Unmounted /run/user/1000.
[  OK  ] Reached target Unmount All Filesystems.
[  OK  ] Stopped target Local File Systems (Pre).
[  OK  ] Stopped Remount Root and Kernel File Systems.
         Stopping Monitoring of LVM2 mirrors... dmeventd or progress polling...
[  OK  ] Stopped Create Static Device Nodes in /dev.
[  OK  ] Reached target Shutdown.
[  836.816276] reboot: Power down
